🎙️  Dual-Voice Audio Generation
======================================================================
📊 Generating 8 resources: [2, 7, 10, 13, 18, 21, 28, 34]
======================================================================


🎙️  Resource 2
   Script: resource-2.txt
   Spanish: es-CO-SalomeNeural
   English: en-US-JennyNeural
   [1/62] SP: "¡Hola, repartidor! Bienvenido a Hablas. Soy tu in...
   [2/62] SP: En los próximos siete minutos, vas a aprender ocho...
   [3/62] SP: Cada frase la escucharás DOS veces en inglés, pron...
   [4/62] SP: Mi consejo: Escucha este audio completo primero. L...
   [5/62] SP: ¿Listo? ¡Vamos a empezar!"...
   [6/62] SP: "Frase número uno: Cuando llegas a la dirección de...
   [7/62] EN: "Hi, I have your delivery"...
   [8/62] EN: "Hi, I have your delivery"...
   [9/62] SP: "En español: Hola, tengo su entrega....
   [10/62] SP: Esta es LA frase más importante. Simple, directa, ...
   [11/62] SP: "Frase dos: Para confirmar que es la persona corre...
   [12/62] EN: "Are you Michael?"...
   [13/62] EN: "Are you Michael?"...
   [14/62] SP: "¿Usted es Michael?...
   [15/62] SP: Cambia 'Michael' por el nombre en la app. Esto evi...
   [16/62] SP: "Frase tres: Al entregar el pedido al cliente."...
   [17/62] EN: "Here's your order from Chipotle"...
   [18/62] EN: "Here's your order from Chipotle"...
   [19/62] SP: "Aquí está su pedido de Chipotle....
   [20/62] SP: Reemplaza 'Chipotle' con el nombre del restaurante...
   [21/62] SP: "Frase cuatro: Cuando necesitas confirmación del c...
   [22/62] EN: "Can you confirm the code, please?"...
   [23/62] EN: "Can you confirm the code, please?"...
   [24/62] SP: "¿Puede confirmar el código, por favor?...
   [25/62] SP: Úsala cuando la app pide código de confirmación. M...
   [26/62] EN: "Frase cinco: Para despedirte profesionalmente."...
   [27/62] EN: "Have a great day!"...
   [28/62] EN: "Have a great day!"...
   [29/62] SP: "¡Que tenga un excelente día!...
   [30/62] SP: Una despedida amable aumenta tus propinas. Es cort...
   [31/62] EN: "Frase seis: Cuando no puedes acceder al edificio ...
   [32/62] EN: "I'm outside, can you come out?"...
   [33/62] EN: "I'm outside, can you come out?"...
   [34/62] SP: "Estoy afuera, ¿puede salir?...
   [35/62] EN: Perfecta para edificios con portero, condominios c...
   [36/62] EN: "Frase siete: Para entregas sin contacto."...
   [37/62] EN: "I left it at the door"...
   [38/62] EN: "I left it at the door"...
   [39/62] SP: "Lo dejé en la puerta....
   [40/62] SP: Úsala al enviar mensaje o si el cliente abre cuand...
   [41/62] SP: "Frase ocho: Cuando el cliente te da propina en ef...
   [42/62] EN: "Thank you so much!"...
   [43/62] EN: "Thank you so much!"...
   [44/62] SP: "¡Muchas gracias!...
   [45/62] SP: Simple pero poderosa. 'So much' añade énfasis y si...
   [46/62] SP: "¡Excelente! Ahora viene la práctica rápida. Voy a...
   [47/62] SP: ¿Listo? ¡Aquí vamos!"...
   [48/62] EN: "Hi, I have your delivery"...
   [49/62] EN: "Are you Michael?"...
   [50/62] EN: "Here's your order from Chipotle"...
   [51/62] EN: "Can you confirm the code, please?"...
   [52/62] EN: "Have a great day!"...
   [53/62] EN: "I'm outside, can you come out?"...
   [54/62] EN: "I left it at the door"...
   [55/62] EN: "Thank you so much!"...
   [56/62] SP: "¡Muy bien! ¡Lo estás haciendo increíble!"...
   [57/62] SP: "Felicidades, repartidor. Acabas de aprender ocho ...
   [58/62] SP: Estas frases van a hacer tu trabajo más fácil, más...
   [59/62] SP: Mi recomendación: Escucha este audio dos veces al ...
   [60/62] SP: Descarga el PDF con las frases escritas desde la a...
   [61/62] EN: Recuerda: Cada palabra que aprendes es dinero en t...
   [62/62] SP: ¡Nos vemos en la siguiente lección!"...

   🔄 Concatenating 124 segments...
   💾 Exporting to public/audio/resource-2.mp3...
   ✅ COMPLETE: 5.8 MB

🎙️  Resource 7
   Script: resource-7.txt
   Spanish: es-CO-GonzaloNeural
   English: en-US-GuyNeural
   [1/57] EN: **Focus**: Essential delivery phrases with clear p...
   [2/57] SP: "¡Hola! Bienvenido a Hablas. Soy tu instructor de ...
   [3/57] SP: En esta lección de audio, vas a aprender 6 frases ...
   [4/57] SP: Puedes escuchar este audio mientras manejas, desca...
   [5/57] SP: Te recomiendo repetir cada frase en voz alta. No t...
   [6/57] SP: ¿Listo? Vamos a empezar."...
   [7/57] SP: "Frase 1: Cuando llegas al lugar de entrega y nece...
   [8/57] EN: "I'm outside with your delivery"...
   [9/57] EN: "I'm outside with your delivery"...
   [10/57] SP: "Traducción: Estoy afuera con tu entrega....
   [11/57] SP: Pronunciación: AIM AUT-SAID WIZ YOR DI-LI-VE-RI"...
   [12/57] SP: "Usa esta frase cuando llegues y el cliente no sal...
   [13/57] SP: "Frase 2: Para confirmar que estás entregando a la...
   [14/57] EN: "Are you Maria?"...
   [15/57] EN: "Are you Maria?"...
   [16/57] SP: "Traducción: ¿Eres María?...
   [17/57] SP: Pronunciación: AR YU MA-RI-A"...
   [18/57] SP: "Reemplaza 'Maria' con el nombre que aparece en la...
   [19/57] SP: "Frase 3: En el momento de entregar el pedido al c...
   [20/57] EN: "Here's your order from Chipotle"...
   [21/57] EN: "Here's your order from Chipotle"...
   [22/57] SP: "Traducción: Aquí está su pedido de Chipotle....
   [23/57] SP: Pronunciación: HIRS YOR OR-DER FROM CHI-POT-LEI"...
   [24/57] SP: "Siempre menciona el nombre del restaurante. Puede...
   [25/57] SP: "Frase 4: Cuando no encuentras la dirección o el a...
   [26/57] EN: "Can you help me find your apartment?"...
   [27/57] EN: "Can you help me find your apartment?"...
   [28/57] SP: "Traducción: ¿Puede ayudarme a encontrar su aparta...
   [29/57] SP: Pronunciación: KEN YU HELP MI FAIND YOR A-PART-MEN...
   [30/57] SP: "Esta frase es muy útil en edificios grandes o com...
   [31/57] EN: "Frase 5: Cuando entregas bebidas y quieres preven...
   [32/57] EN: "The drinks are on top, please be careful"...
   [33/57] EN: "The drinks are on top, please be careful"...
   [34/57] SP: "Traducción: Las bebidas están arriba, por favor t...
   [35/57] SP: Pronunciación: DA DRINKS AR ON TOP, PLIS BI KER-FU...
   [36/57] SP: "Esta frase te protege de malas calificaciones. Si...
   [37/57] SP: "Frase 6: Para despedirte del cliente de manera pr...
   [38/57] EN: "Have a great day!"...
   [39/57] EN: "Have a great day!"...
   [40/57] SP: "Traducción: ¡Que tenga un excelente día!...
   [41/57] SP: Pronunciación: HAV A GREIT DEI"...
   [42/57] SP: "Una despedida amable puede mejorar tu propina. Ta...
   [43/57] SP: "¡Excelente! Ahora vamos a practicar todas las fra...
   [44/57] EN: "I'm outside with your delivery"...
   [45/57] EN: "Are you Maria?"...
   [46/57] EN: "Here's your order from Chipotle"...
   [47/57] EN: "Can you help me find your apartment?"...
   [48/57] EN: "The drinks are on top, please be careful"...
   [49/57] EN: "Have a great day!"...
   [50/57] SP: "¡Muy bien! Ya conoces 6 frases profesionales para...
   [51/57] SP: "Felicitaciones por completar esta lección....
   [52/57] EN: Ahora tienes 6 frases que puedes usar hoy mismo en...
   [53/57] SP: Mi recomendación: Escucha este audio 3 veces. La p...
   [54/57] SP: Recuerda: Cada cliente es una oportunidad para pra...
   [55/57] SP: En la aplicación de Hablas puedes descargar el PDF...
   [56/57] SP: Sigue practicando. Tu inglés mejora con cada entre...
   [57/57] SP: ¡Nos vemos en la próxima lección!"...

   🔄 Concatenating 114 segments...
   💾 Exporting to public/audio/resource-7.mp3...
   ✅ COMPLETE: 5.8 MB

🎙️  Resource 10
   Script: resource-10.txt
   Spanish: es-MX-DaliaNeural
   English: en-US-JennyNeural
   [1/210] EN: **Level**: Intermedio...
   [2/210] EN: **Category**: Domiciliarios y repartidores...
   [3/210] EN: ## FULL AUDIO SCRIPT...
   [4/210] EN: ```...
   ⚠️  Error generating segment: No audio was received. Please verify that your parameters are correct.
   [5/210] EN: [00:00] INTRODUCTION...
   [6/210] EN: [Tone: Warm, encouraging, energetic]...
   [7/210] EN: [Speaker: Spanish narrator - friendly voice]...
   [8/210] SP: "¡Hola! Bienvenido a Hablas. Soy tu instructor par...
   [9/210] SP: Hoy vamos a aprender conversaciones completas con ...
   [10/210] SP: Estas son frases reales que vas a usar todos los d...
   [11/210] SP: Vamos a practicar 8 diálogos diferentes para situa...
   [12/210] SP: - Cuando llegas a la dirección...
   [13/210] EN: - Si no encuentras al cliente...
   [14/210] SP: - Cuando hay problemas con el pedido...
   [15/210] SP: - Y mucho más...
   [16/210] SP: ¿Cómo usar esta lección? Muy simple:...
   [17/210] SP: Primero, escucha cada frase en inglés dos veces....
   [18/210] SP: Después, repite en voz alta durante las pausas....
   [19/210] SP: No te preocupes si no es perfecto la primera vez. ...
   [20/210] SP: Al final, vamos a repasar todo más rápido para que...
   [21/210] SP: ¿Listo? ¡Empecemos!"...
   [22/210] EN: [PAUSE: 2 seconds]...
   [23/210] EN: [00:45] PHRASE 1: ARRIVING AT LOCATION...
   [24/210] EN: [Tone: Professional, friendly]...
   [25/210] EN: [Speaker: Spanish]...
   [26/210] SP: "Frase 1: Cuando llegas a la dirección del cliente...
   [27/210] SP: Esta es la primera impresión. Sé amable y profesio...
   [28/210] EN: [Speaker: English - Native, 80% speed, clear pronu...
   [29/210] EN: "Hi! I have your delivery from Chipotle."...
   [30/210] EN: [Phonetic: JAI! AI JAV YOR de-LI-ve-ri FROM chi-PO...
   [31/210] EN: [PAUSE: 3 seconds - for student repetition]...
   [32/210] EN: [Speaker: English - Repeat]...
   [33/210] EN: "Hi! I have your delivery from Chipotle."...
   [34/210] EN: [Speaker: Spanish]...
   [35/210] SP: "¡Hola! Tengo su entrega de Chipotle."...
   [36/210] EN: [PAUSE: 2 seconds]...
   [37/210] EN: [Speaker: Spanish - Tip]...
   [38/210] SP: "Consejo: Siempre menciona el nombre del restauran...
   [39/210] SP: Esto ayuda al cliente a confirmar que eres su repa...
   [40/210] EN: [PAUSE: 1 second]...
   [41/210] EN: [02:00] PHRASE 2: CONFIRMING CUSTOMER NAME...
   [42/210] EN: [Tone: Professional, clear]...
   [43/210] EN: [Speaker: Spanish]...
   [44/210] SP: "Frase 2: Para confirmar que es la persona correct...
   [45/210] SP: Esto es importante para la seguridad de todos."...
   [46/210] EN: [Speaker: English - Native, 80% speed]...
   [47/210] EN: "Are you Michael?"...
   [48/210] EN: [Phonetic: AR YU MAI-kel?]...
   [49/210] EN: [PAUSE: 3 seconds]...
   [50/210] EN: [Speaker: English - Repeat]...
   [51/210] EN: "Are you Michael?"...
   [52/210] EN: [Speaker: Spanish]...
   [53/210] SP: "¿Eres Michael? o ¿Es usted Michael?"...
   [54/210] EN: [PAUSE: 2 seconds]...
   [55/210] EN: [Speaker: Spanish - Tip]...
   [56/210] SP: "Nota: Siempre confirma el nombre antes de entrega...
   [57/210] SP: Si no estás seguro de la pronunciación, puedes mos...
   [58/210] EN: [PAUSE: 1 second]...
   [59/210] EN: [02:45] PHRASE 3: HANDING OVER ORDER...
   [60/210] EN: [Tone: Friendly, professional]...
   [61/210] EN: [Speaker: Spanish]...
   [62/210] SP: "Frase 3: Cuando entregas el pedido al cliente....
   [63/210] SP: Esta es la frase más común que vas a usar."...
   [64/210] EN: [Speaker: English - Native, 80% speed]...
   [65/210] EN: "Here's your order. Have a great day!"...
   [66/210] EN: [Phonetic: JIRS YOR OR-der. JAV a GREIT DEI!]...
   [67/210] EN: [PAUSE: 3 seconds]...
   [68/210] EN: [Speaker: English - Repeat]...
   [69/210] EN: "Here's your order. Have a great day!"...
   [70/210] EN: [Speaker: Spanish]...
   [71/210] SP: "Aquí está su pedido. ¡Que tenga un buen día!"...
   [72/210] EN: [PAUSE: 2 seconds]...
   [73/210] EN: [Speaker: Spanish - Tip]...
   [74/210] EN: "Consejo: Siempre termina con un deseo positivo....
   [75/210] EN: Esto aumenta tus propinas y tu rating."...
   [76/210] EN: [PAUSE: 1 second]...
   [77/210] EN: [03:30] PHRASE 4: CUSTOMER NOT ANSWERING...
   [78/210] EN: [Tone: Professional, slightly concerned]...
   [79/210] EN: [Speaker: Spanish]...
   [80/210] SP: "Frase 4: Cuando el cliente no contesta la puerta ...
   [81/210] SP: Esto pasa mucho. Mantén la calma y sé profesional....
   [82/210] EN: [Speaker: English - Native, 80% speed]...
   [83/210] EN: "I'm at your door. I tried calling you."...
   [84/210] EN: [Phonetic: AIM at YOR DOR. AI TRAID CO-ling YU]...
   [85/210] EN: [PAUSE: 3 seconds]...
   [86/210] EN: [Speaker: English - Repeat]...
   [87/210] EN: "I'm at your door. I tried calling you."...
   [88/210] EN: [Speaker: Spanish]...
   [89/210] SP: "Estoy en su puerta. Intenté llamarlo."...
   [90/210] EN: [PAUSE: 2 seconds]...
   [91/210] EN: [Speaker: Spanish - Tip]...
   [92/210] EN: "Nota: Di esto cuando dejes un mensaje de texto o ...
   [93/210] SP: También puedes decir esto si el cliente finalmente...
   [94/210] EN: [PAUSE: 1 second]...
   [95/210] EN: [04:15] PHRASE 5: LEAVING AT DOOR...
   [96/210] EN: [Tone: Clear, informative]...
   [97/210] EN: [Speaker: Spanish]...
   [98/210] SP: "Frase 5: Cuando dejas el pedido en la puerta sin ...
   [99/210] SP: Muy común después de la pandemia."...
   [100/210] EN: [Speaker: English - Native, 80% speed]...
   [101/210] EN: "I'm leaving it at your door as requested."...
   [102/210] EN: [Phonetic: AIM LI-ving it at YOR DOR as ri-KUES-te...
   [103/210] EN: [PAUSE: 3 seconds]...
   [104/210] EN: [Speaker: English - Repeat]...
   [105/210] EN: "I'm leaving it at your door as requested."...
   [106/210] EN: [Speaker: Spanish]...
   [107/210] SP: "Lo estoy dejando en su puerta como lo solicitó."...
   [108/210] EN: [PAUSE: 2 seconds]...
   [109/210] EN: [Speaker: Spanish - Tip]...
   [110/210] SP: "Consejo: Usa esta frase en mensajes de texto o cu...
   [111/210] SP: Protégete siempre tomando una foto del pedido."...
   [112/210] EN: [PAUSE: 1 second]...
   [113/210] EN: [05:00] PHRASE 6: MISSING ITEMS...
   [114/210] EN: [Tone: Apologetic, helpful]...
   [115/210] EN: [Speaker: Spanish]...
   [116/210] SP: "Frase 6: Cuando el cliente dice que falta algo en...
   [117/210] SP: No es tu culpa, pero sé amable."...
   [118/210] EN: [Speaker: English - Native, 80% speed]...
   [119/210] EN: "I'm sorry. The restaurant packed this. Please con...
   [120/210] SP: [Phonetic: AIM SO-rri. The RES-to-rant PAKT this. ...
   [121/210] EN: [PAUSE: 3 seconds]...
   [122/210] EN: [Speaker: English - Repeat]...
   [123/210] EN: "I'm sorry. The restaurant packed this. Please con...
   [124/210] EN: [Speaker: Spanish]...
   [125/210] SP: "Lo siento. El restaurante empacó esto. Por favor ...
   [126/210] EN: [PAUSE: 2 seconds]...
   [127/210] EN: [Speaker: Spanish - Tip]...
   [128/210] SP: "Importante: Nunca aceptes responsabilidad por lo ...
   [129/210] SP: Siempre dirige al cliente a la aplicación para res...
   [130/210] EN: [PAUSE: 1 second]...
   [131/210] EN: [05:45] PHRASE 7: WRONG ADDRESS...
   [132/210] EN: [Tone: Professional, solution-focused]...
   [133/210] EN: [Speaker: Spanish]...
   [134/210] SP: "Frase 7: Cuando llegaste a la dirección pero el c...
   [135/210] SP: Mantén la calma y sigue el protocolo."...
   [136/210] EN: [Speaker: English - Native, 80% speed]...
   [137/210] EN: "This is the address in the app. Can you check you...
   [138/210] EN: [Phonetic: THIS is the a-DRES in the AP. CAN yu CH...
   [139/210] EN: [PAUSE: 3 seconds]...
   [140/210] EN: [Speaker: English - Repeat]...
   [141/210] EN: "This is the address in the app. Can you check you...
   [142/210] EN: [Speaker: Spanish]...
   [143/210] SP: "Esta es la dirección en la aplicación. ¿Puede rev...
   [144/210] EN: [PAUSE: 2 seconds]...
   [145/210] EN: [Speaker: Spanish - Tip]...
   [146/210] SP: "Nota: Si el cliente insiste en otra dirección, co...
   [147/210] SP: No vayas a direcciones que no están en la app."...
   [148/210] EN: [PAUSE: 1 second]...
   [149/210] EN: [06:30] PHRASE 8: ASKING FOR ACCESS...
   [150/210] EN: [Tone: Polite, clear]...
   [151/210] EN: [Speaker: Spanish]...
   [152/210] EN: "Frase 8: Cuando necesitas acceso a un edificio o ...
   [153/210] SP: Sé educado pero directo."...
   [154/210] EN: [Speaker: English - Native, 80% speed]...
   [155/210] EN: "Could you give me the gate code, please?"...
   [156/210] EN: [Phonetic: CUD yu GIV mi the GEIT COUD, PLIS?]...
   [157/210] EN: [PAUSE: 3 seconds]...
   [158/210] EN: [Speaker: English - Repeat]...
   [159/210] EN: "Could you give me the gate code, please?"...
   [160/210] EN: [Speaker: Spanish]...
   [161/210] SP: "¿Podría darme el código de la puerta, por favor?"...
   [162/210] EN: [PAUSE: 2 seconds]...
   [163/210] EN: [Speaker: Spanish - Tip]...
   [164/210] SP: "Consejo: También puedes preguntar: 'Can you buzz ...
   [165/210] SP: Que significa: ¿Puede abrirme la puerta?"...
   [166/210] EN: [PAUSE: 1 second]...
   [167/210] EN: [07:15] PRACTICE DRILL...
   [168/210] EN: [Tone: Energetic, encouraging]...
   [169/210] EN: [Speaker: Spanish]...
   [170/210] SP: "¡Excelente! Ahora vamos a repasar todas las frase...
   [171/210] SP: Escucha y repite. ¡Vamos!"...
   [172/210] EN: [PAUSE: 1 second]...
   [173/210] EN: [Speaker: English - Native, 100% speed]...
   [174/210] EN: "Hi! I have your delivery from Chipotle."...
   [175/210] EN: [PAUSE: 1 second]...
   [176/210] EN: "Are you Michael?"...
   [177/210] EN: [PAUSE: 1 second]...
   [178/210] EN: "Here's your order. Have a great day!"...
   [179/210] EN: [PAUSE: 1 second]...
   [180/210] EN: "I'm at your door. I tried calling you."...
   [181/210] EN: [PAUSE: 1 second]...
   [182/210] EN: "I'm leaving it at your door as requested."...
   [183/210] EN: [PAUSE: 1 second]...
   [184/210] EN: "I'm sorry. The restaurant packed this. Please con...
   [185/210] EN: [PAUSE: 1 second]...
   [186/210] EN: "This is the address in the app. Can you check you...
   [187/210] EN: [PAUSE: 1 second]...
   [188/210] EN: "Could you give me the gate code, please?"...
   [189/210] EN: [PAUSE: 2 seconds]...
   [190/210] EN: [08:30] CONCLUSION...
   [191/210] EN: [Tone: Encouraging, motivational]...
   [192/210] EN: [Speaker: Spanish]...
   [193/210] SP: "¡Felicidades! Acabas de aprender 8 conversaciones...
   [194/210] SP: Estas frases te van a ayudar todos los días en tu ...
   [195/210] SP: Te van a dar más confianza con los clientes....
   [196/210] EN: Y te van a ayudar a conseguir mejores propinas y r...
   [197/210] SP: Mi consejo: Escucha esta lección todos los días du...
   [198/210] EN: Practica en voz alta mientras manejas....
   [199/210] SP: Usa estas frases en tu próxima entrega....
   [200/210] SP: Recuerda: Cada cliente es una oportunidad para pra...
   [201/210] EN: No tengas miedo de cometer errores. Los clientes a...
   [202/210] SP: En Hablas tenemos muchas más lecciones para ti:...
   [203/210] SP: - Frases para problemas con el pedido...
   [204/210] EN: - Conversaciones con restaurantes...
   [205/210] SP: - Inglés para navegación y direcciones...
   [206/210] SP: Sigue practicando. Tu inglés va a mejorar cada día...
   [207/210] SP: ¡Nos vemos en la próxima lección!...
   [208/210] SP: ¡Buena suerte en tus entregas!"...
   [209/210] EN: [END: 09:15]...
   [210/210] EN: ```...
   ⚠️  Error generating segment: No audio was received. Please verify that your parameters are correct.

   🔄 Concatenating 416 segments...
   💾 Exporting to public/audio/resource-10.mp3...
   ✅ COMPLETE: 16.4 MB

🎙️  Resource 13
   Script: resource-13.txt
   Spanish: es-CO-SalomeNeural
   English: en-US-GuyNeural
   [1/202] SP: **Focus**: Navegación y direcciones básicas...
   [2/202] EN: ## COMPLETE AUDIO SCRIPT...
   [3/202] EN: ```...
   ⚠️  Error generating segment: No audio was received. Please verify that your parameters are correct.
   [4/202] EN: [00:00] - INTRODUCTION...
   [5/202] EN: [Tone: Warm, encouraging, conversational]...
   [6/202] EN: [Speaker: Spanish narrator - friendly voice]...
   [7/202] SP: "¡Hola! Bienvenido a Hablas. Soy tu instructor de ...
   [8/202] SP: Hoy vamos a aprender las frases más importantes so...
   [9/202] SP: Estas son las palabras que escucharás todos los dí...
   [10/202] EN: y que necesitas entender perfectamente para llegar...
   [11/202] EN: Este audio dura solo 7 minutos. Puedes escucharlo ...
   [12/202] EN: o antes de comenzar tu turno....
   [13/202] SP: Vamos a practicar cada frase DOS veces - primero d...
   [14/202] SP: No tengas pena. Aquí nadie te escucha. Es tu momen...
   [15/202] SP: ¿Listo? ¡Empecemos!"...
   [16/202] EN: [PAUSE: 2 seconds]...
   [17/202] EN: [00:45] - MAIN CONTENT BEGINS...
   [18/202] EN: [Tone: Clear, instructional]...
   [19/202] EN: [Speaker: Spanish narrator]...
   [20/202] SP: "Primero, las direcciones básicas que escucharás e...
   [21/202] EN: [00:55] PHRASE 1: TURN LEFT...
   [22/202] EN: [Tone: Clear, neutral]...
   [23/202] EN: [Spanish]...
   [24/202] SP: "Frase 1: La dirección más común. Girar a la izqui...
   [25/202] EN: [English - Native speaker, 80% speed, clear enunci...
   [26/202] EN: "Turn left"...
   [27/202] EN: [Phonetic: tern left]...
   [28/202] EN: [PAUSE: 3 seconds]...
   [29/202] EN: [English - Repeat]...
   [30/202] EN: "Turn left"...
   [31/202] EN: [Spanish]...
   [32/202] SP: "Gira a la izquierda. O también: Voltea a la izqui...
   [33/202] EN: [PAUSE: 2 seconds]...
   [34/202] EN: [01:25] PHRASE 2: TURN RIGHT...
   [35/202] EN: [Tone: Clear, neutral]...
   [36/202] EN: [Spanish]...
   [37/202] SP: "Frase 2: Girar a la derecha."...
   [38/202] EN: [English - 80% speed]...
   [39/202] EN: "Turn right"...
   [40/202] EN: [Phonetic: tern rait]...
   [41/202] EN: [PAUSE: 3 seconds]...
   [42/202] EN: [English - Repeat]...
   [43/202] EN: "Turn right"...
   [44/202] EN: [Spanish]...
   [45/202] SP: "Gira a la derecha. O: Voltea a la derecha."...
   [46/202] EN: [PAUSE: 2 seconds]...
   [47/202] EN: [01:55] PHRASE 3: GO STRAIGHT...
   [48/202] EN: [Tone: Clear, encouraging]...
   [49/202] EN: [Spanish]...
   [50/202] SP: "Frase 3: Seguir derecho. Muy fácil esta."...
   [51/202] EN: [English - 80% speed]...
   [52/202] EN: "Go straight"...
   [53/202] EN: [Phonetic: gou streit]...
   [54/202] EN: [PAUSE: 3 seconds]...
   [55/202] EN: [English - Repeat]...
   [56/202] EN: "Go straight"...
   [57/202] EN: [Spanish]...
   [58/202] SP: "Sigue derecho. O: Continúa recto."...
   [59/202] EN: [PAUSE: 2 seconds]...
   [60/202] EN: [Spanish - Tip]...
   [61/202] EN: "Consejo: 'Straight' se pronuncia 'STREIT', no 'es...
   [62/202] EN: Practica: streit, streit, streit."...
   [63/202] EN: [PAUSE: 1 second]...
   [64/202] EN: [02:35] PHRASE 4: MAKE A U-TURN...
   [65/202] EN: [Tone: Instructional]...
   [66/202] EN: [Spanish]...
   [67/202] SP: "Frase 4: Cuando necesitas dar la vuelta en U."...
   [68/202] EN: [English - 80% speed]...
   [69/202] EN: "Make a U-turn"...
   [70/202] EN: [Phonetic: meik a yu-tern]...
   [71/202] EN: [PAUSE: 3 seconds]...
   [72/202] EN: [English - Repeat]...
   [73/202] EN: "Make a U-turn"...
   [74/202] EN: [Spanish]...
   [75/202] EN: "Haz un retorno. O: Da vuelta en U."...
   [76/202] EN: [PAUSE: 2 seconds]...
   [77/202] EN: [03:10] PHRASE 5: IN 500 FEET...
   [78/202] EN: [Tone: Clear, precise]...
   [79/202] EN: [Spanish]...
   [80/202] SP: "Frase 5: La distancia en pies. Tu GPS dirá esto c...
   [81/202] EN: [English - 80% speed]...
   [82/202] EN: "In 500 feet"...
   [83/202] SP: [Phonetic: in faiv jándred fiit]...
   [84/202] EN: [PAUSE: 3 seconds]...
   [85/202] EN: [English - Repeat]...
   [86/202] EN: "In 500 feet"...
   [87/202] EN: [Spanish]...
   [88/202] EN: "En 500 pies. Eso es aproximadamente 150 metros."...
   [89/202] EN: [PAUSE: 2 seconds]...
   [90/202] EN: [Spanish - Tip]...
   [91/202] EN: "Recuerda: 500 feet son como una cuadra y media....
   [92/202] SP: Cuando escuches esto, prepárate para voltear pront...
   [93/202] EN: [PAUSE: 1 second]...
   [94/202] EN: [03:55] PHRASE 6: AT THE NEXT LIGHT...
   [95/202] EN: [Tone: Instructional]...
   [96/202] EN: [Spanish]...
   [97/202] SP: "Frase 6: En el próximo semáforo."...
   [98/202] EN: [English - 80% speed]...
   [99/202] EN: "At the next light"...
   [100/202] EN: [Phonetic: at de nekst lait]...
   [101/202] EN: [PAUSE: 3 seconds]...
   [102/202] EN: [English - Repeat]...
   [103/202] EN: "At the next light"...
   [104/202] EN: [Spanish]...
   [105/202] SP: "En el siguiente semáforo. O: En la próxima luz."...
   [106/202] EN: [PAUSE: 2 seconds]...
   [107/202] EN: [04:30] PHRASE 7: AT THE STOP SIGN...
   [108/202] EN: [Tone: Clear]...
   [109/202] EN: [Spanish]...
   [110/202] SP: "Frase 7: En la señal de alto."...
   [111/202] EN: [English - 80% speed]...
   [112/202] EN: "At the stop sign"...
   [113/202] EN: [Phonetic: at de stop sain]...
   [114/202] EN: [PAUSE: 3 seconds]...
   [115/202] EN: [English - Repeat]...
   [116/202] EN: "At the stop sign"...
   [117/202] EN: [Spanish]...
   [118/202] SP: "En la señal de STOP. En el alto."...
   [119/202] EN: [PAUSE: 2 seconds]...
   [120/202] EN: [05:05] PHRASE 8: YOUR DESTINATION IS ON THE LEFT...
   [121/202] EN: [Tone: Informative]...
   [122/202] EN: [Spanish]...
   [123/202] EN: "Frase 8: Cuando llegas al destino. Esta es muy im...
   [124/202] EN: [English - 80% speed]...
   [125/202] EN: "Your destination is on the left"...
   [126/202] SP: [Phonetic: yur des-ti-néi-shon is on de left]...
   [127/202] EN: [PAUSE: 3 seconds]...
   [128/202] EN: [English - Repeat]...
   [129/202] EN: "Your destination is on the left"...
   [130/202] EN: [Spanish]...
   [131/202] SP: "Tu destino está a la izquierda."...
   [132/202] EN: [PAUSE: 2 seconds]...
   [133/202] EN: [05:45] PHRASE 9: YOUR DESTINATION IS ON THE RIGHT...
   [134/202] EN: [Tone: Informative]...
   [135/202] EN: [Spanish]...
   [136/202] SP: "Frase 9: Lo mismo, pero del otro lado."...
   [137/202] EN: [English - 80% speed]...
   [138/202] EN: "Your destination is on the right"...
   [139/202] SP: [Phonetic: yur des-ti-néi-shon is on de rait]...
   [140/202] EN: [PAUSE: 3 seconds]...
   [141/202] EN: [English - Repeat]...
   [142/202] EN: "Your destination is on the right"...
   [143/202] EN: [Spanish]...
   [144/202] SP: "Tu destino está a la derecha."...
   [145/202] EN: [PAUSE: 2 seconds]...
   [146/202] EN: [06:20] PHRASE 10: YOU HAVE ARRIVED...
   [147/202] EN: [Tone: Celebratory]...
   [148/202] EN: [Spanish]...
   [149/202] SP: "Frase 10: ¡Llegaste! La frase favorita de todos."...
   [150/202] EN: [English - 80% speed]...
   [151/202] EN: "You have arrived"...
   [152/202] SP: [Phonetic: yu jav a-ráivd]...
   [153/202] EN: [PAUSE: 3 seconds]...
   [154/202] EN: [English - Repeat]...
   [155/202] EN: "You have arrived"...
   [156/202] EN: [Spanish]...
   [157/202] EN: "Has llegado. Ya llegaste."...
   [158/202] EN: [PAUSE: 2 seconds]...
   [159/202] EN: [06:55] - PRACTICE DRILL...
   [160/202] EN: [Tone: Energetic, encouraging]...
   [161/202] EN: [Speaker: Spanish narrator]...
   [162/202] SP: "¡Excelente trabajo! Ahora vamos a practicar todas...
   [163/202] EN: a velocidad normal. Escucha y repite en voz alta."...
   [164/202] EN: [PAUSE: 1 second]...
   [165/202] EN: [English - Normal speed, clear]...
   [166/202] EN: "Turn left"...
   [167/202] EN: [PAUSE: 1 second]...
   [168/202] EN: "Turn right"...
   [169/202] EN: [PAUSE: 1 second]...
   [170/202] EN: "Go straight"...
   [171/202] EN: [PAUSE: 1 second]...
   [172/202] EN: "Make a U-turn"...
   [173/202] EN: [PAUSE: 1 second]...
   [174/202] EN: "In 500 feet"...
   [175/202] EN: [PAUSE: 1 second]...
   [176/202] EN: "At the next light"...
   [177/202] EN: [PAUSE: 1 second]...
   [178/202] EN: "At the stop sign"...
   [179/202] EN: [PAUSE: 1 second]...
   [180/202] EN: "Your destination is on the left"...
   [181/202] EN: [PAUSE: 1 second]...
   [182/202] EN: "Your destination is on the right"...
   [183/202] EN: [PAUSE: 1 second]...
   [184/202] EN: "You have arrived"...
   [185/202] EN: [PAUSE: 2 seconds]...
   [186/202] EN: [08:00] - CONCLUSION...
   [187/202] EN: [Tone: Warm, motivational]...
   [188/202] EN: [Speaker: Spanish narrator]...
   [189/202] SP: "¡Felicidades! Ya conoces las 10 frases de direcci...
   [190/202] SP: en inglés....
   [191/202] SP: Ahora cada vez que tu GPS hable, vas a entender pe...
   [192/202] SP: Mi consejo: Escucha este audio una vez al día por ...
   [193/202] EN: Mientras manejas, repite las frases en voz alta....
   [194/202] SP: En dos semanas, estas palabras van a ser automátic...
   [195/202] SP: También puedes descargar el PDF con todas estas fr...
   [196/202] SP: escrita. Está en tu app de Hablas....
   [197/202] SP: Recuerda: cada palabra que aprendes es más dinero ...
   [198/202] SP: Menos tiempo perdido, más viajes completados, mejo...
   [199/202] SP: ¡Sigue practicando! Nos vemos en la próxima lecció...
   [200/202] SP: ¡Mucho éxito en la calle!"...
   [201/202] EN: [END: 08:45]...
   [202/202] EN: ```...
   ⚠️  Error generating segment: No audio was received. Please verify that your parameters are correct.

   🔄 Concatenating 400 segments...
   💾 Exporting to public/audio/resource-13.mp3...
   ✅ COMPLETE: 14.0 MB

🎙️  Resource 18
   Script: resource-18.txt
   Spanish: es-MX-DaliaNeural
   English: en-US-JennyNeural
   [1/184] EN: **Duration**: 7:15 minutes...
   [2/184] SP: **Level**: Básico...
   [3/184] EN: **Category**: Conductores...
   [4/184] EN: ## COMPLETE AUDIO SCRIPT...
   [5/184] EN: ```...
   ⚠️  Error generating segment: No audio was received. Please verify that your parameters are correct.
   [6/184] EN: [00:00] INTRODUCTION...
   [7/184] EN: [Tone: Friendly, encouraging, energetic]...
   [8/184] EN: [Speaker: Spanish narrator]...
   [9/184] SP: "¡Hola! Bienvenido a Hablas. Soy tu instructor de ...
   [10/184] SP: Hoy vamos a aprender frases esenciales de navegaci...
   [11/184] SP: En esta lección aprenderás 8 frases importantes pa...
   [12/184] SP: Escucha cada frase en inglés, repítela en voz alta...
   [13/184] SP: ¿Listo? ¡Vamos a empezar!"...
   [14/184] EN: [PAUSE: 2 seconds]...
   [15/184] EN: [00:45] PHRASE 1: CONFIRMING DESTINATION...
   [16/184] EN: [Tone: Professional, clear]...
   [17/184] EN: [Speaker: Spanish]...
   [18/184] SP: "Frase 1: Cuando recoges al pasajero y quieres con...
   [19/184] EN: [Speaker: English - Native, 80% speed]...
   [20/184] EN: "We're going to Main Street, right?"...
   [21/184] EN: [wir going tu mein strit, rait?]...
   [22/184] EN: [PAUSE: 3 seconds]...
   [23/184] EN: [Speaker: English - Repeat]...
   [24/184] EN: "We're going to Main Street, right?"...
   [25/184] EN: [PAUSE: 2 seconds]...
   [26/184] EN: [Speaker: Spanish]...
   [27/184] SP: "Vamos a Main Street, ¿correcto?...
   [28/184] EN: Nota importante: Usa 'right?' al final para confir...
   [29/184] SP: Siempre verifica el destino antes de arrancar."...
   [30/184] EN: [PAUSE: 2 seconds]...
   [31/184] EN: [01:45] PHRASE 2: ASKING ABOUT ROUTE PREFERENCE...
   [32/184] EN: [Tone: Polite, conversational]...
   [33/184] EN: [Speaker: Spanish]...
   [34/184] SP: "Frase 2: Para preguntar si el pasajero prefiere u...
   [35/184] EN: [Speaker: English - Native, 80% speed]...
   [36/184] EN: "Do you have a preferred route?"...
   [37/184] EN: [du yu hav a pri-ferd rut?]...
   [38/184] EN: [PAUSE: 3 seconds]...
   [39/184] EN: [Speaker: English - Repeat]...
   [40/184] EN: "Do you have a preferred route?"...
   [41/184] EN: [PAUSE: 2 seconds]...
   [42/184] EN: [Speaker: Spanish]...
   [43/184] SP: "¿Tiene una ruta preferida?...
   [44/184] EN: Esto muestra profesionalismo. Algunos pasajeros co...
   [45/184] EN: o quieren evitar ciertas calles."...
   [46/184] EN: [PAUSE: 2 seconds]...
   [47/184] EN: [02:45] PHRASE 3: EXPLAINING YOUR ROUTE CHOICE...
   [48/184] EN: [Tone: Informative, confident]...
   [49/184] EN: [Speaker: Spanish]...
   [50/184] SP: "Frase 3: Cuando explicas por qué elegiste cierta ...
   [51/184] EN: [Speaker: English - Native, 80% speed]...
   [52/184] EN: "I'm taking the highway. It's faster."...
   [53/184] EN: [aim tei-king de jai-wei. its fas-ter]...
   [54/184] EN: [PAUSE: 3 seconds]...
   [55/184] EN: [Speaker: English - Repeat]...
   [56/184] EN: "I'm taking the highway. It's faster."...
   [57/184] EN: [PAUSE: 2 seconds]...
   [58/184] EN: [Speaker: Spanish]...
   [59/184] SP: "Voy a tomar la autopista. Es más rápido....
   [60/184] EN: Puedes cambiar 'highway' por 'freeway' o 'back roa...
   [61/184] EN: dependiendo de tu ruta."...
   [62/184] EN: [PAUSE: 2 seconds]...
   [63/184] EN: [03:45] PHRASE 4: WARNING ABOUT TRAFFIC...
   [64/184] EN: [Tone: Informative, helpful]...
   [65/184] EN: [Speaker: Spanish]...
   [66/184] SP: "Frase 4: Para avisar sobre el tráfico."...
   [67/184] EN: [Speaker: English - Native, 80% speed]...
   [68/184] EN: "There's heavy traffic ahead."...
   [69/184] EN: [ders he-vi tra-fik a-hed]...
   [70/184] EN: [PAUSE: 3 seconds]...
   [71/184] EN: [Speaker: English - Repeat]...
   [72/184] EN: "There's heavy traffic ahead."...
   [73/184] EN: [PAUSE: 2 seconds]...
   [74/184] EN: [Speaker: Spanish]...
   [75/184] SP: "Hay mucho tráfico adelante....
   [76/184] SP: Esto prepara al pasajero si el viaje será más larg...
   [77/184] SP: También puedes decir 'a lot of traffic' que es más...
   [78/184] EN: [PAUSE: 2 seconds]...
   [79/184] EN: [04:45] PHRASE 5: ANNOUNCING ARRIVAL TIME...
   [80/184] EN: [Tone: Professional, clear]...
   [81/184] EN: [Speaker: Spanish]...
   [82/184] SP: "Frase 5: Para informar cuánto falta para llegar."...
   [83/184] EN: [Speaker: English - Native, 80% speed]...
   [84/184] EN: "We'll be there in five minutes."...
   [85/184] EN: [wil bi der in faiv mi-nits]...
   [86/184] EN: [PAUSE: 3 seconds]...
   [87/184] EN: [Speaker: English - Repeat]...
   [88/184] EN: "We'll be there in five minutes."...
   [89/184] EN: [PAUSE: 2 seconds]...
   [90/184] EN: [Speaker: Spanish]...
   [91/184] EN: "Llegaremos en cinco minutos....
   [92/184] SP: Cambia 'five' por el número que necesites:...
   [93/184] EN: two minutes, ten minutes, fifteen minutes."...
   [94/184] EN: [PAUSE: 2 seconds]...
   [95/184] EN: [05:45] PHRASE 6: ASKING FOR SPECIFIC DIRECTIONS...
   [96/184] EN: [Tone: Polite, attentive]...
   [97/184] EN: [Speaker: Spanish]...
   [98/184] SP: "Frase 6: Cuando necesitas instrucciones específic...
   [99/184] EN: [Speaker: English - Native, 80% speed]...
   [100/184] EN: "Which entrance do you want?"...
   [101/184] EN: [wich en-trans du yu want?]...
   [102/184] EN: [PAUSE: 3 seconds]...
   [103/184] EN: [Speaker: English - Repeat]...
   [104/184] EN: "Which entrance do you want?"...
   [105/184] EN: [PAUSE: 2 seconds]...
   [106/184] EN: [Speaker: Spanish]...
   [107/184] SP: "¿Cuál entrada quiere?...
   [108/184] SP: Muy útil en aeropuertos, hoteles grandes, o edific...
   [109/184] SP: con múltiples entradas."...
   [110/184] EN: [PAUSE: 2 seconds]...
   [111/184] EN: [06:45] PHRASE 7: CONFIRMING ARRIVAL...
   [112/184] EN: [Tone: Professional, friendly]...
   [113/184] EN: [Speaker: Spanish]...
   [114/184] EN: "Frase 7: Cuando llegas al destino."...
   [115/184] EN: [Speaker: English - Native, 80% speed]...
   [116/184] EN: "We're here. Is this good?"...
   [117/184] EN: [wir hir. is dis gud?]...
   [118/184] EN: [PAUSE: 3 seconds]...
   [119/184] EN: [Speaker: English - Repeat]...
   [120/184] EN: "We're here. Is this good?"...
   [121/184] EN: [PAUSE: 2 seconds]...
   [122/184] EN: [Speaker: Spanish]...
   [123/184] SP: "Llegamos. ¿Está bien aquí?...
   [124/184] SP: Simple y efectivo. Confirma que el lugar es correc...
   [125/184] SP: antes de terminar el viaje."...
   [126/184] EN: [PAUSE: 2 seconds]...
   [127/184] EN: [07:45] PHRASE 8: OFFERING TO GO FURTHER...
   [128/184] EN: [Tone: Helpful, accommodating]...
   [129/184] EN: [Speaker: Spanish]...
   [130/184] SP: "Frase 8: Si el pasajero necesita que avances un p...
   [131/184] EN: [Speaker: English - Native, 80% speed]...
   [132/184] EN: "I can pull up a bit more."...
   [133/184] EN: [ai can pul ap a bit mor]...
   [134/184] EN: [PAUSE: 3 seconds]...
   [135/184] EN: [Speaker: English - Repeat]...
   [136/184] EN: "I can pull up a bit more."...
   [137/184] EN: [PAUSE: 2 seconds]...
   [138/184] EN: [Speaker: Spanish]...
   [139/184] SP: "Puedo avanzar un poco más....
   [140/184] EN: Muestra excelente servicio al cliente....
   [141/184] EN: Úsalo cuando sea seguro avanzar."...
   [142/184] EN: [PAUSE: 2 seconds]...
   [143/184] EN: [08:45] PRACTICE DRILL...
   [144/184] EN: [Tone: Energetic, encouraging]...
   [145/184] EN: [Speaker: Spanish]...
   [146/184] SP: "¡Excelente! Ahora vamos a practicar todas las fra...
   [147/184] SP: a velocidad normal. Repite después de cada una."...
   [148/184] EN: [PAUSE: 1 second]...
   [149/184] EN: [Speaker: English - Normal speed]...
   [150/184] EN: "We're going to Main Street, right?"...
   [151/184] EN: [PAUSE: 1 second]...
   [152/184] EN: "Do you have a preferred route?"...
   [153/184] EN: [PAUSE: 1 second]...
   [154/184] EN: "I'm taking the highway. It's faster."...
   [155/184] EN: [PAUSE: 1 second]...
   [156/184] EN: "There's heavy traffic ahead."...
   [157/184] EN: [PAUSE: 1 second]...
   [158/184] EN: "We'll be there in five minutes."...
   [159/184] EN: [PAUSE: 1 second]...
   [160/184] EN: "Which entrance do you want?"...
   [161/184] EN: [PAUSE: 1 second]...
   [162/184] EN: "We're here. Is this good?"...
   [163/184] EN: [PAUSE: 1 second]...
   [164/184] EN: "I can pull up a bit more."...
   [165/184] EN: [PAUSE: 2 seconds]...
   [166/184] EN: [Speaker: Spanish]...
   [167/184] SP: "¡Muy bien! Cada vez suena más natural."...
   [168/184] EN: [10:15] CONCLUSION...
   [169/184] EN: [Tone: Encouraging, motivational]...
   [170/184] EN: [Speaker: Spanish]...
   [171/184] SP: "¡Felicidades! Acabas de aprender 8 frases esencia...
   [172/184] SP: de navegación y direcciones en inglés....
   [173/184] SP: Estas frases te ayudarán a comunicarte profesional...
   [174/184] SP: con tus pasajeros todos los días....
   [175/184] SP: Mi recomendación: Escucha este audio tres veces es...
   [176/184] EN: Practica las frases mientras manejas sin pasajeros...
   [177/184] SP: Descarga el PDF de esta lección en la app Hablas p...
   [178/184] EN: tener todas las frases escritas....
   [179/184] SP: Recuerda: Cada palabra en inglés que aprendes es u...
   [180/184] EN: en mejores propinas y mejores calificaciones....
   [181/184] SP: ¡Sigue adelante! Nos vemos en la próxima lección....
   [182/184] SP: ¡Éxito en la calle!"...
   [183/184] EN: [END: 11:00]...
   [184/184] EN: ```...
   ⚠️  Error generating segment: No audio was received. Please verify that your parameters are correct.

   🔄 Concatenating 364 segments...
   💾 Exporting to public/audio/resource-18.mp3...
   ✅ COMPLETE: 13.4 MB

🎙️  Resource 21
   Script: resource-21.txt
   Spanish: es-CO-SalomeNeural
   English: en-US-JennyNeural
   [1/152] SP: **Level**: Básico (Principiante)...
   [2/152] EN: **Category**: Todos los trabajadores de gig econom...
   [3/152] EN: [Tone: Warm, encouraging, enthusiastic]...
   [4/152] EN: [Speaker: Spanish narrator - friendly voice]...
   [5/152] SP: "¡Hola! Bienvenido a Hablas. Soy tu instructor, y ...
   [6/152] SP: En los próximos 7 minutos, aprenderás 6 frases ese...
   [7/152] SP: Escucha con atención. Después de cada frase en ing...
   [8/152] SP: ¿Listo? Vamos a empezar con lo más básico: cómo sa...
   [9/152] EN: [PAUSE: 2 seconds]...
   [10/152] EN: [Tone: Friendly, clear]...
   [11/152] EN: [Speaker: Spanish narrator]...
   [12/152] SP: "Frase número 1: Cuando llegas a recoger un pedido...
   [13/152] EN: [PAUSE: 1 second]...
   [14/152] EN: [Speaker: English narrator - Native, 80% speed, cl...
   [15/152] EN: "Good morning!"...
   [16/152] EN: [Phonetic: gud MOR-ning]...
   [17/152] EN: [PAUSE: 3 seconds - for student repetition]...
   [18/152] EN: [Speaker: English narrator - Repeat]...
   [19/152] EN: "Good morning!"...
   [20/152] EN: [PAUSE: 1 second]...
   [21/152] EN: [Speaker: Spanish narrator]...
   [22/152] SP: "Traducción: Buenos días. Úsalo desde que amanece ...
   [23/152] EN: [PAUSE: 2 seconds]...
   [24/152] EN: [Tone: Friendly, professional]...
   [25/152] EN: [Speaker: Spanish narrator]...
   [26/152] SP: "Frase número 2: Desde el mediodía hasta que oscur...
   [27/152] EN: [PAUSE: 1 second]...
   [28/152] EN: [Speaker: English narrator - 80% speed]...
   [29/152] EN: "Good afternoon!"...
   [30/152] EN: [Phonetic: gud af-ter-NUUN]...
   [31/152] EN: [PAUSE: 3 seconds]...
   [32/152] EN: [Speaker: English narrator - Repeat]...
   [33/152] EN: "Good afternoon!"...
   [34/152] EN: [PAUSE: 1 second]...
   [35/152] EN: [Speaker: Spanish narrator]...
   [36/152] SP: "Traducción: Buenas tardes. Perfecto para entregas...
   [37/152] EN: [PAUSE: 2 seconds]...
   [38/152] EN: [Tone: Calm, friendly]...
   [39/152] EN: [Speaker: Spanish narrator]...
   [40/152] SP: "Frase número 3: Cuando ya está oscuro, después de...
   [41/152] EN: [PAUSE: 1 second]...
   [42/152] EN: [Speaker: English narrator - 80% speed]...
   [43/152] EN: "Good evening!"...
   [44/152] EN: [Phonetic: gud IIV-ning]...
   [45/152] EN: [PAUSE: 3 seconds]...
   [46/152] EN: [Speaker: English narrator - Repeat]...
   [47/152] EN: "Good evening!"...
   [48/152] EN: [PAUSE: 1 second]...
   [49/152] EN: [Speaker: Spanish narrator]...
   [50/152] SP: "Traducción: Buenas noches para saludar. Usa esto ...
   [51/152] EN: [PAUSE: 1 second]...
   [52/152] EN: [Speaker: Spanish narrator - Tip]...
   [53/152] SP: "Nota importante: 'Good evening' es para SALUDAR c...
   [54/152] EN: [PAUSE: 2 seconds]...
   [55/152] EN: [Tone: Casual, friendly]...
   [56/152] EN: [Speaker: Spanish narrator]...
   [57/152] SP: "Frase número 4: Un saludo que puedes usar a cualq...
   [58/152] EN: [PAUSE: 1 second]...
   [59/152] EN: [Speaker: English narrator - 80% speed]...
   [60/152] EN: "Hello!"...
   [61/152] EN: [Phonetic: je-LOU]...
   [62/152] EN: [PAUSE: 3 seconds]...
   [63/152] EN: [Speaker: English narrator - Repeat]...
   [64/152] EN: "Hello!"...
   [65/152] EN: [PAUSE: 1 second]...
   [66/152] EN: [Speaker: Spanish narrator]...
   [67/152] SP: "Traducción: Hola. Simple y efectivo. Funciona en ...
   [68/152] EN: [PAUSE: 2 seconds]...
   [69/152] EN: [Tone: Relaxed, friendly]...
   [70/152] EN: [Speaker: Spanish narrator]...
   [71/152] SP: "Frase número 5: Aún más casual. Perfecto para cli...
   [72/152] EN: [PAUSE: 1 second]...
   [73/152] EN: [Speaker: English narrator - 80% speed]...
   [74/152] EN: "Hi!"...
   [75/152] EN: [Phonetic: jai]...
   [76/152] EN: [PAUSE: 3 seconds]...
   [77/152] EN: [Speaker: English narrator - Repeat]...
   [78/152] EN: "Hi!"...
   [79/152] EN: [PAUSE: 1 second]...
   [80/152] EN: [Speaker: Spanish narrator]...
   [81/152] SP: "Traducción: Hola, versión corta. Muy común en Est...
   [82/152] EN: [PAUSE: 1 second]...
   [83/152] EN: [Speaker: Spanish narrator - Tip]...
   [84/152] EN: "Consejo: 'Hi' es perfecto cuando el cliente es jo...
   [85/152] EN: [PAUSE: 2 seconds]...
   [86/152] EN: [Tone: Warm, caring]...
   [87/152] EN: [Speaker: Spanish narrator]...
   [88/152] SP: "Frase número 6: Después de saludar, puedes pregun...
   [89/152] EN: [PAUSE: 1 second]...
   [90/152] EN: [Speaker: English narrator - 80% speed]...
   [91/152] EN: "How are you?"...
   [92/152] EN: [Phonetic: jau ar YU]...
   [93/152] EN: [PAUSE: 3 seconds]...
   [94/152] EN: [Speaker: English narrator - Repeat]...
   [95/152] EN: "How are you?"...
   [96/152] EN: [PAUSE: 1 second]...
   [97/152] EN: [Speaker: Spanish narrator]...
   [98/152] SP: "Traducción: ¿Cómo estás? o ¿Cómo está usted?"...
   [99/152] EN: [PAUSE: 1 second]...
   [100/152] EN: [Speaker: Spanish narrator - Context]...
   [101/152] SP: "Úsalo así: Primero saluda - 'Good morning' - y lu...
   [102/152] EN: [PAUSE: 2 seconds]...
   [103/152] EN: [Tone: Energetic, encouraging]...
   [104/152] EN: [Speaker: Spanish narrator]...
   [105/152] SP: "¡Excelente! Ahora vamos a practicar todas las fra...
   [106/152] EN: [PAUSE: 1 second]...
   [107/152] EN: [Speaker: English narrator - Normal speed, clear]...
   [108/152] EN: "Good morning!"...
   [109/152] EN: [PAUSE: 1.5 seconds]...
   [110/152] EN: "Good afternoon!"...
   [111/152] EN: [PAUSE: 1.5 seconds]...
   [112/152] EN: "Good evening!"...
   [113/152] EN: [PAUSE: 1.5 seconds]...
   [114/152] EN: "Hello!"...
   [115/152] EN: [PAUSE: 1.5 seconds]...
   [116/152] EN: "Hi!"...
   [117/152] EN: [PAUSE: 1.5 seconds]...
   [118/152] EN: "How are you?"...
   [119/152] EN: [PAUSE: 2 seconds]...
   [120/152] EN: [Speaker: Spanish narrator]...
   [121/152] SP: "¡Perfecto! Ahora una vez más, con confianza:"...
   [122/152] EN: [PAUSE: 1 second]...
   [123/152] EN: [Speaker: English narrator - Normal speed]...
   [124/152] EN: "Good morning!"...
   [125/152] EN: [PAUSE: 1.5 seconds]...
   [126/152] EN: "Good afternoon!"...
   [127/152] EN: [PAUSE: 1.5 seconds]...
   [128/152] EN: "Good evening!"...
   [129/152] EN: [PAUSE: 1.5 seconds]...
   [130/152] EN: "Hello!"...
   [131/152] EN: [PAUSE: 1.5 seconds]...
   [132/152] EN: "Hi!"...
   [133/152] EN: [PAUSE: 1.5 seconds]...
   [134/152] EN: "How are you?"...
   [135/152] EN: [PAUSE: 2 seconds]...
   [136/152] EN: [Tone: Proud, motivational, warm]...
   [137/152] EN: [Speaker: Spanish narrator]...
   [138/152] SP: "¡Felicidades! Acabas de aprender 6 saludos esenci...
   [139/152] EN: Recuerda:...
   [140/152] SP: - 'Good morning' - antes del mediodía...
   [141/152] SP: - 'Good afternoon' - desde el mediodía hasta las 6...
   [142/152] SP: - 'Good evening' - cuando ya está oscuro...
   [143/152] SP: - 'Hello' y 'Hi' - funcionan todo el día...
   [144/152] SP: - 'How are you?' - después de cualquier saludo...
   [145/152] EN: Estos saludos van a mejorar tu experiencia con los...
   [146/152] SP: Mi consejo: Practica estas frases hoy mismo. Di 'G...
   [147/152] SP: Descarga el PDF de esta lección en la aplicación H...
   [148/152] SP: Nos vemos en la próxima lección donde aprenderás c...
   [149/152] SP: ¡Sigue adelante! Cada palabra que aprendes es dine...
   [150/152] SP: ¡Hasta pronto!"...
   [151/152] EN: [PAUSE: 1 second]...
   [152/152] EN: [Soft ending music: 2 seconds fade out]...

   🔄 Concatenating 304 segments...
   💾 Exporting to public/audio/resource-21.mp3...
   ✅ COMPLETE: 12.2 MB

🎙️  Resource 28
   Script: resource-28.txt
   Spanish: es-CO-GonzaloNeural
   English: en-US-GuyNeural
   [1/82] SP: **Level**: Básico (Principiante)...
   [2/82] EN: **Category**: Todos los trabajadores de gig econom...
   [3/82] SP: "¡Hola! Bienvenido a Hablas. Soy tu instructor, y ...
   [4/82] SP: En los próximos 7 minutos, aprenderás 8 frases ese...
   [5/82] SP: Escucha cada frase en inglés, repite en voz alta d...
   [6/82] SP: ¿Listo? ¡Vamos a empezar!"...
   [7/82] SP: "Frase 1: El saludo más común de la mañana, hasta ...
   [8/82] EN: "Good morning"...
   [9/82] EN: "Good morning"...
   [10/82] SP: "Buenos días. Literalmente: 'Buena mañana'"...
   [11/82] SP: "Tip profesional: Siempre sonríe cuando dices 'Goo...
   [12/82] SP: "Frase 2: Desde las 12 del mediodía hasta las 5 o ...
   [13/82] EN: "Good afternoon"...
   [14/82] EN: "Good afternoon"...
   [15/82] SP: "Buenas tardes. Pronunciación: 'gud after-nun'"...
   [16/82] SP: "Muchos principiantes olvidan esta frase y usan 'G...
   [17/82] SP: "Frase 3: Después de las 6 de la tarde. Perfecto p...
   [18/82] EN: "Good evening"...
   [19/82] EN: "Good evening"...
   [20/82] SP: "Buenas noches. Pero atención: solo para SALUDAR, ...
   [21/82] SP: "Nota importante: 'Good evening' es para saludar. ...
   [22/82] SP: "Frase 4: El saludo más versátil. Funciona a cualq...
   [23/82] EN: "Hello"...
   [24/82] EN: "Hello"...
   [25/82] SP: "Hola. Simple y efectivo. Pronunciación: 'je-LOU'"...
   [26/82] SP: "'Hello' es perfecto cuando no estás seguro si es ...
   [27/82] SP: "Frase 5: Muy casual, especialmente con clientes j...
   [28/82] EN: "Hi"...
   [29/82] EN: "Hi"...
   [30/82] SP: "Hola. Súper corto. Pronunciación: 'JAI'"...
   [31/82] SP: "'Hi' es perfecto cuando el cliente abre la puerta...
   [32/82] SP: "Frase 6: Después de saludar, esta pregunta muestr...
   [33/82] EN: "How are you?"...
   [34/82] EN: "How are you?"...
   [35/82] SP: "¿Cómo está? o ¿Cómo estás? Pronunciación: 'JAU ar...
   [36/82] SP: "Combínalo con el saludo: 'Good morning! How are y...
   [37/82] SP: "Frase 7: Una versión más casual de '¿Cómo estás?'...
   [38/82] EN: "Hey, how's it going?"...
   [39/82] EN: "Hey, how's it going?"...
   [40/82] SP: "Oye, ¿cómo va todo? Pronunciación: 'JEI, jaus it ...
   [41/82] EN: "Esta es perfecta con clientes regulares o cuando ...
   [42/82] SP: "Frase 8: Específica para cuando entras a un resta...
   [43/82] EN: "Hi, pickup for Uber Eats"...
   [44/82] EN: "Hi, pickup for Uber Eats"...
   [45/82] SP: "Hola, recogida para Uber Eats. Cambia 'Uber Eats'...
   [46/82] SP: "Esto ahorra tiempo. El personal del restaurante s...
   [47/82] SP: "¡Excelente! Ahora vamos a practicar todas las fra...
   [48/82] EN: "Good morning"...
   [49/82] EN: "Good afternoon"...
   [50/82] EN: "Good evening"...
   [51/82] EN: "Hello"...
   [52/82] EN: "Hi"...
   [53/82] EN: "How are you?"...
   [54/82] EN: "Hey, how's it going?"...
   [55/82] EN: "Hi, pickup for Uber Eats"...
   [56/82] SP: "¡Perfecto! Ahora sabes 8 saludos esenciales."...
   [57/82] SP: "¡Felicidades! Acabas de aprender los saludos bási...
   [58/82] EN: Recuerda:...
   [59/82] SP: - 'Good morning' hasta mediodía...
   [60/82] EN: - 'Good afternoon' hasta las 6 PM...
   [61/82] SP: - 'Good evening' después de las 6...
   [62/82] EN: - 'Hello' y 'Hi' funcionan siempre...
   [63/82] EN: - 'How are you?' muestra profesionalismo...
   [64/82] SP: Mi consejo: Practica estos saludos en voz alta mie...
   [65/82] SP: Descarga el PDF de esta lección en la app Hablas p...
   [66/82] SP: Mañana, aprenderemos frases para confirmar direcci...
   [67/82] SP: ¡Sigue adelante! Cada palabra que aprendes te hace...
   [68/82] SP: ¡Hasta la próxima!"...
   [69/82] EN: ## NOTAS DE PRODUCCIÓN...
   [70/82] EN: **Voces necesarias:**...
   [71/82] SP: - 1 narrador en español (voz cálida, motivadora, e...
   [72/82] SP: - 1 narrador en inglés (voz nativa americana, clar...
   [73/82] EN: **Efectos de sonido:**...
   [74/82] SP: - Chime de introducción (00:45)...
   [75/82] SP: - Chime de conclusión (07:15)...
   [76/82] SP: **Música de fondo:**...
   [77/82] SP: - Música suave instrumental (volumen 10%) durante ...
   [78/82] SP: - Sin música durante las frases para máxima clarid...
   [79/82] SP: **Formato de exportación:**...
   [80/82] EN: - MP3, 128 kbps...
   [81/82] SP: - Optimizado para móvil...
   [82/82] SP: - Tamaño aproximado: 6-7 MB...

   🔄 Concatenating 164 segments...
   💾 Exporting to public/audio/resource-28.mp3...
   ✅ COMPLETE: 7.7 MB

🎙️  Resource 34
   Script: resource-34.txt
   Spanish: es-CO-GonzaloNeural
   English: en-US-GuyNeural
   [1/173] EN: **Level**: Intermedio...
   [2/173] EN: **Category**: Conductores (Uber, DiDi, Lyft)...
   [3/173] EN: ## SCRIPT...
   [4/173] EN: ```...
   ⚠️  Error generating segment: No audio was received. Please verify that your parameters are correct.
   [5/173] EN: [00:00] INTRODUCTION...
   [6/173] EN: [Tone: Warm, encouraging, energetic]...
   [7/173] EN: [Speaker: Spanish narrator - friendly voice]...
   [8/173] SP: "¡Hola conductor! Bienvenido a Hablas. Soy tu inst...
   [9/173] SP: En los próximos 7 minutos aprenderás 8 frases esen...
   [10/173] SP: Aquí está el plan: Primero escucharás cada frase e...
   [11/173] SP: Al final, haremos una práctica rápida de todas las...
   [12/173] SP: ¿Listo? Puedes escuchar esto mientras manejas, en ...
   [13/173] SP: ¡Empecemos!"...
   [14/173] EN: [PAUSE: 2 seconds]...
   [15/173] EN: [00:45] PHRASE 1: GREETING THE PASSENGER...
   [16/173] EN: [Tone: Friendly, welcoming]...
   [17/173] EN: [Spanish]...
   [18/173] SP: "Frase 1: El saludo inicial cuando el pasajero ent...
   [19/173] EN: [English - Native speaker, 80% speed, clear enunci...
   [20/173] EN: "Good morning! Are you Michael?"...
   [21/173] EN: [Phonetic: gud MOR-ning / ar yu MAI-kul]...
   [22/173] EN: [PAUSE: 3 seconds]...
   [23/173] EN: [English - Repeat, same speed]...
   [24/173] EN: "Good morning! Are you Michael?"...
   [25/173] EN: [PAUSE: 2 seconds]...
   [26/173] EN: [Spanish]...
   [27/173] SP: "Buenos días, ¿eres Michael?...
   [28/173] SP: Consejo práctico: Siempre confirma el nombre del p...
   [29/173] EN: [PAUSE: 3 seconds]...
   [30/173] EN: [01:45] PHRASE 2: CONFIRMING DESTINATION...
   [31/173] EN: [Tone: Professional, clear]...
   [32/173] EN: [Spanish]...
   [33/173] SP: "Frase 2: Para confirmar el destino del viaje."...
   [34/173] EN: [English - Native speaker, 80% speed]...
   [35/173] EN: "I have you going to Fifth Avenue. Is that correct...
   [36/173] EN: [Phonetic: ai hav yu GO-ing tu fifth A-ve-nu / iz ...
   [37/173] EN: [PAUSE: 3 seconds]...
   [38/173] EN: [English - Repeat]...
   [39/173] EN: "I have you going to Fifth Avenue. Is that correct...
   [40/173] EN: [PAUSE: 2 seconds]...
   [41/173] EN: [Spanish]...
   [42/173] SP: "Te llevo a la Quinta Avenida, ¿es correcto?...
   [43/173] SP: Consejo práctico: Confirma el destino especialment...
   [44/173] EN: [PAUSE: 3 seconds]...
   [45/173] EN: [02:45] PHRASE 3: OFFERING COMFORT...
   [46/173] EN: [Tone: Polite, hospitable]...
   [47/173] EN: [Spanish]...
   [48/173] EN: "Frase 3: Para ofrecer comodidad al pasajero."...
   [49/173] EN: [English - Native speaker, 80% speed]...
   [50/173] EN: "Feel free to adjust the temperature or the music....
   [51/173] EN: [Phonetic: fil fri tu a-JUST da TEM-pe-ra-chur or ...
   [52/173] EN: [PAUSE: 3 seconds]...
   [53/173] EN: [English - Repeat]...
   [54/173] EN: "Feel free to adjust the temperature or the music....
   [55/173] EN: [PAUSE: 2 seconds]...
   [56/173] EN: [Spanish]...
   [57/173] SP: "Siéntete libre de ajustar la temperatura o la mús...
   [58/173] SP: Consejo práctico: Esta frase aumenta tus propinas....
   [59/173] EN: [PAUSE: 3 seconds]...
   [60/173] EN: [03:45] PHRASE 4: ASKING ABOUT ROUTE PREFERENCE...
   [61/173] EN: [Tone: Respectful, consulting]...
   [62/173] EN: [Spanish]...
   [63/173] EN: "Frase 4: Para preguntar si tienen preferencia de ...
   [64/173] EN: [English - Native speaker, 80% speed]...
   [65/173] EN: "Do you have a preferred route, or should I follow...
   [66/173] EN: [Phonetic: du yu hav a pri-FERD rut / or shud ai F...
   [67/173] EN: [PAUSE: 3 seconds]...
   [68/173] EN: [English - Repeat]...
   [69/173] EN: "Do you have a preferred route, or should I follow...
   [70/173] EN: [PAUSE: 2 seconds]...
   [71/173] EN: [Spanish]...
   [72/173] SP: "¿Tienes una ruta preferida, o sigo el GPS?...
   [73/173] SP: Consejo práctico: Pregunta esto cuando hay varias ...
   [74/173] EN: [PAUSE: 3 seconds]...
   [75/173] EN: [04:45] PHRASE 5: MAKING SMALL TALK...
   [76/173] EN: [Tone: Casual, friendly but not pushy]...
   [77/173] EN: [Spanish]...
   [78/173] SP: "Frase 5: Conversación ligera si el pasajero parec...
   [79/173] EN: [English - Native speaker, 80% speed]...
   [80/173] EN: "How's your day going so far?"...
   [81/173] EN: [Phonetic: jaus yor dei GO-ing so far]...
   [82/173] EN: [PAUSE: 3 seconds]...
   [83/173] EN: [English - Repeat]...
   [84/173] EN: "How's your day going so far?"...
   [85/173] EN: [PAUSE: 2 seconds]...
   [86/173] EN: [Spanish]...
   [87/173] SP: "¿Cómo va tu día hasta ahora?...
   [88/173] SP: Consejo práctico: Lee las señales del pasajero pri...
   [89/173] EN: [PAUSE: 3 seconds]...
   [90/173] EN: [05:45] PHRASE 6: APOLOGIZING FOR DELAYS...
   [91/173] EN: [Tone: Apologetic but professional]...
   [92/173] EN: [Spanish]...
   [93/173] SP: "Frase 6: Cuando hay tráfico o retrasos."...
   [94/173] EN: [English - Native speaker, 80% speed]...
   [95/173] EN: "Sorry about the traffic. I'm taking the fastest r...
   [96/173] EN: [Phonetic: SA-ri a-baut da TRA-fik / aim TEI-king ...
   [97/173] EN: [PAUSE: 3 seconds]...
   [98/173] EN: [English - Repeat]...
   [99/173] EN: "Sorry about the traffic. I'm taking the fastest r...
   [100/173] EN: [PAUSE: 2 seconds]...
   [101/173] EN: [Spanish]...
   [102/173] SP: "Disculpa el tráfico. Estoy tomando la ruta más rá...
   [103/173] SP: Consejo práctico: Usa esto cuando veas que el pasa...
   [104/173] EN: [PAUSE: 3 seconds]...
   [105/173] EN: [06:45] PHRASE 7: ARRIVING AT DESTINATION...
   [106/173] EN: [Tone: Clear, helpful]...
   [107/173] EN: [Spanish]...
   [108/173] EN: "Frase 7: Al llegar al destino."...
   [109/173] EN: [English - Native speaker, 80% speed]...
   [110/173] EN: "We're here! I'll pull over right in front."...
   [111/173] EN: [Phonetic: wir JIR / ail pul O-ver rait in front]...
   [112/173] EN: [PAUSE: 3 seconds]...
   [113/173] EN: [English - Repeat]...
   [114/173] EN: "We're here! I'll pull over right in front."...
   [115/173] EN: [PAUSE: 2 seconds]...
   [116/173] EN: [Spanish]...
   [117/173] SP: "¡Llegamos! Me estacionaré justo enfrente....
   [118/173] SP: Consejo práctico: Anuncia claramente cuando llegue...
   [119/173] EN: [PAUSE: 3 seconds]...
   [120/173] EN: [07:45] PHRASE 8: FRIENDLY GOODBYE...
   [121/173] EN: [Tone: Warm, appreciative]...
   [122/173] EN: [Spanish]...
   [123/173] EN: "Frase 8: Despedida profesional."...
   [124/173] EN: [English - Native speaker, 80% speed]...
   [125/173] EN: "Thank you! Have a great day!"...
   [126/173] EN: [Phonetic: thank YU / hav a greit dei]...
   [127/173] EN: [PAUSE: 3 seconds]...
   [128/173] EN: [English - Repeat]...
   [129/173] EN: "Thank you! Have a great day!"...
   [130/173] EN: [PAUSE: 2 seconds]...
   [131/173] EN: [Spanish]...
   [132/173] SP: "¡Gracias! ¡Que tengas un excelente día!...
   [133/173] SP: Consejo práctico: Siempre termina con una despedid...
   [134/173] EN: [PAUSE: 3 seconds]...
   [135/173] EN: [08:45] PRACTICE DRILL...
   [136/173] EN: [Tone: Energetic, encouraging]...
   [137/173] EN: [Speaker: Spanish narrator]...
   [138/173] SP: "¡Excelente! Ahora vamos a practicar todas las fra...
   [139/173] EN: [PAUSE: 1 second]...
   [140/173] EN: [English - Native speaker, normal speed (100%)]...
   [141/173] EN: "Good morning! Are you Michael?"...
   [142/173] EN: [PAUSE: 1 second]...
   [143/173] EN: "I have you going to Fifth Avenue. Is that correct...
   [144/173] EN: [PAUSE: 1 second]...
   [145/173] EN: "Feel free to adjust the temperature or the music....
   [146/173] EN: [PAUSE: 1 second]...
   [147/173] EN: "Do you have a preferred route, or should I follow...
   [148/173] EN: [PAUSE: 1 second]...
   [149/173] EN: "How's your day going so far?"...
   [150/173] EN: [PAUSE: 1 second]...
   [151/173] EN: "Sorry about the traffic. I'm taking the fastest r...
   [152/173] EN: [PAUSE: 1 second]...
   [153/173] EN: "We're here! I'll pull over right in front."...
   [154/173] EN: [PAUSE: 1 second]...
   [155/173] EN: "Thank you! Have a great day!"...
   [156/173] EN: [PAUSE: 2 seconds]...
   [157/173] EN: [Spanish]...
   [158/173] SP: "¡Perfecto! Esas son las 8 frases que transformará...
   [159/173] EN: [10:15] CONCLUSION...
   [160/173] EN: [Tone: Motivational, supportive]...
   [161/173] EN: [Speaker: Spanish narrator]...
   [162/173] SP: "¡Felicidades, conductor! Acabas de aprender 8 con...
   [163/173] SP: Recuerda: No necesitas hablar inglés perfecto. Nec...
   [164/173] SP: Mi consejo: Escucha este audio antes de tu turno d...
   [165/173] SP: Descarga el PDF de este audio en la app Hablas par...
   [166/173] SP: La próxima lección cubriremos situaciones difícile...
   [167/173] SP: Recuerda: Cada frase que aprendes es más dinero en...
   [168/173] SP: ¡Nos vemos en la próxima lección! Sigue manejando ...
   [169/173] SP: ¡Éxito, conductor!"...
   [170/173] EN: [PAUSE: 2 seconds]...
   [171/173] EN: [Soft background music fades out]...
   [172/173] EN: [END: 11:15]...
   [173/173] EN: ```...
   ⚠️  Error generating segment: No audio was received. Please verify that your parameters are correct.

   🔄 Concatenating 342 segments...
   💾 Exporting to public/audio/resource-34.mp3...
   ✅ COMPLETE: 14.9 MB

======================================================================
✅ Success: 8/8 files generated

📁 Location: public/audio/
🎉 Batch complete!
