======================================================================
COMPLETE AUDIO REGENERATION FROM SOURCE MARKDOWN
======================================================================
Started: 2025-11-09 16:55:25


[1/7]

======================================================================
Resource 22: Basic Numbers 1
Source: generated-resources/50-batch/all/basic_numbers_1.md
======================================================================
  1. Extracting phrases from markdown...
  ✓ Extracted 22 phrases
  ✓ Saved phrase list: scripts/extracted-phrases/resource-22-phrases.txt
  2. Creating tutorial script...
  ✓ Script created: 4465 chars
  ✓ Saved: scripts/complete-scripts/resource-22-complete.txt
  3. Generating audio with edge-tts...
  Generating audio...
  ✗ Generation failed: usage: edge-tts [-h] [-t TEXT] [-f FILE] [-v VOICE] [-l] [--rate RATE]
                [--volume VOLUME] [--pitch PITCH] [--write-media WRITE_MEDIA]
                [--write-subtitles WRITE_SUBTITLES] [--proxy PROXY]
edge-tts: error: argument --rate: expected one argument

  ✗ Resource 22 FAILED

[2/7]

======================================================================
Resource 23: Basic Time 1
Source: generated-resources/50-batch/all/basic_time_1.md
======================================================================
  1. Extracting phrases from markdown...
  ✓ Extracted 23 phrases
  ✓ Saved phrase list: scripts/extracted-phrases/resource-23-phrases.txt
  2. Creating tutorial script...
  ✓ Script created: 4480 chars
  ✓ Saved: scripts/complete-scripts/resource-23-complete.txt
  3. Generating audio with edge-tts...
  Generating audio...
  ✗ Generation failed: usage: edge-tts [-h] [-t TEXT] [-f FILE] [-v VOICE] [-l] [--rate RATE]
                [--volume VOLUME] [--pitch PITCH] [--write-media WRITE_MEDIA]
                [--write-subtitles WRITE_SUBTITLES] [--proxy PROXY]
edge-tts: error: argument --rate: expected one argument

  ✗ Resource 23 FAILED

[3/7]

======================================================================
Resource 25: Intermediate Customer Service 1
Source: generated-resources/50-batch/all/intermediate_customer_service_1.md
======================================================================
  1. Extracting phrases from markdown...
  ✓ Extracted 25 phrases
  ✓ Saved phrase list: scripts/extracted-phrases/resource-25-phrases.txt
  2. Creating tutorial script...
  ✓ Script created: 5464 chars
  ✓ Saved: scripts/complete-scripts/resource-25-complete.txt
  3. Generating audio with edge-tts...
  Generating audio...
  ✗ Generation failed: usage: edge-tts [-h] [-t TEXT] [-f FILE] [-v VOICE] [-l] [--rate RATE]
                [--volume VOLUME] [--pitch PITCH] [--write-media WRITE_MEDIA]
                [--write-subtitles WRITE_SUBTITLES] [--proxy PROXY]
edge-tts: error: argument --rate: expected one argument

  ✗ Resource 25 FAILED

[4/7]

======================================================================
Resource 29: Basic Numbers 2
Source: generated-resources/50-batch/all/basic_numbers_2.md
======================================================================
  1. Extracting phrases from markdown...
  ✓ Extracted 29 phrases
  ✓ Saved phrase list: scripts/extracted-phrases/resource-29-phrases.txt
  2. Creating tutorial script...
  ✓ Script created: 6175 chars
  ✓ Saved: scripts/complete-scripts/resource-29-complete.txt
  3. Generating audio with edge-tts...
  Generating audio...
  ✗ Generation failed: usage: edge-tts [-h] [-t TEXT] [-f FILE] [-v VOICE] [-l] [--rate RATE]
                [--volume VOLUME] [--pitch PITCH] [--write-media WRITE_MEDIA]
                [--write-subtitles WRITE_SUBTITLES] [--proxy PROXY]
edge-tts: error: argument --rate: expected one argument

  ✗ Resource 29 FAILED

[5/7]

======================================================================
Resource 30: Safety Protocols 1
Source: generated-resources/50-batch/all/safety_protocols_1.md
======================================================================
  1. Extracting phrases from markdown...
  ✓ Extracted 20 phrases
  ✓ Saved phrase list: scripts/extracted-phrases/resource-30-phrases.txt
  2. Creating tutorial script...
  ✓ Script created: 9352 chars
  ✓ Saved: scripts/complete-scripts/resource-30-complete.txt
  3. Generating audio with edge-tts...
  Generating audio...
  ✗ Generation failed: usage: edge-tts [-h] [-t TEXT] [-f FILE] [-v VOICE] [-l] [--rate RATE]
                [--volume VOLUME] [--pitch PITCH] [--write-media WRITE_MEDIA]
                [--write-subtitles WRITE_SUBTITLES] [--proxy PROXY]
edge-tts: error: argument --rate: expected one argument

  ✗ Resource 30 FAILED

[6/7]

======================================================================
Resource 31: Intermediate Situations 2
Source: generated-resources/50-batch/repartidor/intermediate_situations_2.md
======================================================================
  1. Extracting phrases from markdown...
  ✓ Extracted 23 phrases
  ✓ Saved phrase list: scripts/extracted-phrases/resource-31-phrases.txt
  2. Creating tutorial script...
  ✓ Script created: 7756 chars
  ✓ Saved: scripts/complete-scripts/resource-31-complete.txt
  3. Generating audio with edge-tts...
  Generating audio...
  ✗ Generation failed: usage: edge-tts [-h] [-t TEXT] [-f FILE] [-v VOICE] [-l] [--rate RATE]
                [--volume VOLUME] [--pitch PITCH] [--write-media WRITE_MEDIA]
                [--write-subtitles WRITE_SUBTITLES] [--proxy PROXY]
edge-tts: error: argument --rate: expected one argument

  ✗ Resource 31 FAILED

[7/7]

======================================================================
Resource 33: Intermediate Smalltalk 2
Source: generated-resources/50-batch/conductor/intermediate_smalltalk_2.md
======================================================================
  1. Extracting phrases from markdown...
  ✓ Extracted 21 phrases
  ✓ Saved phrase list: scripts/extracted-phrases/resource-33-phrases.txt
  2. Creating tutorial script...
  ✓ Script created: 5398 chars
  ✓ Saved: scripts/complete-scripts/resource-33-complete.txt
  3. Generating audio with edge-tts...
  Generating audio...
  ✗ Generation failed: usage: edge-tts [-h] [-t TEXT] [-f FILE] [-v VOICE] [-l] [--rate RATE]
                [--volume VOLUME] [--pitch PITCH] [--write-media WRITE_MEDIA]
                [--write-subtitles WRITE_SUBTITLES] [--proxy PROXY]
edge-tts: error: argument --rate: expected one argument

  ✗ Resource 33 FAILED

======================================================================
REGENERATION COMPLETE
======================================================================
Completed: 2025-11-09 16:55:43
Total Time: 0.3 minutes
Success: 0/7
Total Phrases: 0

✗ Failed: 22, 23, 25, 29, 30, 31, 33
