======================================================================
DIRECT AUDIO REGENERATION
======================================================================
Started: 2025-11-09 16:52:50


[1/7] Resource 22
----------------------------------------------------------------------
  Script loaded: 915 chars, 65 lines
  Generating audio...
  ✓ Audio generated: 0.45 MB
  ✓ Copied to: public/audio/resource-22.mp3
  ✓ SUCCESS

[2/7] Resource 23
----------------------------------------------------------------------
  Script loaded: 794 chars, 59 lines
  Generating audio...
  ✓ Audio generated: 0.39 MB
  ✓ Copied to: public/audio/resource-23.mp3
  ✓ SUCCESS

[3/7] Resource 25
----------------------------------------------------------------------
  Script loaded: 1556 chars, 95 lines
  Generating audio...
  ✓ Audio generated: 0.74 MB
  ✓ Copied to: public/audio/resource-25.mp3
  ✓ SUCCESS

[4/7] Resource 29
----------------------------------------------------------------------
  Script loaded: 1638 chars, 119 lines
  Generating audio...
  ✓ Audio generated: 0.92 MB
  ✓ Copied to: public/audio/resource-29.mp3
  ✓ SUCCESS

[5/7] Resource 30
----------------------------------------------------------------------
  Script loaded: 1288 chars, 65 lines
  Generating audio...
  ✓ Audio generated: 0.61 MB
  ✓ Copied to: public/audio/resource-30.mp3
  ✓ SUCCESS

[6/7] Resource 31
----------------------------------------------------------------------
  Script loaded: 1873 chars, 95 lines
  Generating audio...
  ✓ Audio generated: 0.92 MB
  ✓ Copied to: public/audio/resource-31.mp3
  ✓ SUCCESS

[7/7] Resource 33
----------------------------------------------------------------------
  Script loaded: 1395 chars, 77 lines
  Generating audio...
  ✓ Audio generated: 0.62 MB
  ✓ Copied to: public/audio/resource-33.mp3
  ✓ SUCCESS

======================================================================
REGENERATION COMPLETE
======================================================================
Completed: 2025-11-09 16:53:19
Total Time: 0.5 minutes
Success: 7/7

✓ Success: 22, 23, 25, 29, 30, 31, 33

✓ All audio files regenerated successfully!

Next steps:
1. Verify audio files in out/audio/ and public/audio/
2. Update service worker cache version if needed
3. Run: npm run build
4. Test audio playback
